-------------------------------------------------------------------------------
Test set: com.example.EliminarPublicacionTest
-------------------------------------------------------------------------------
Tests run: 2, Failures: 0, Errors: 2, Skipped: 0, Time elapsed: 0 s <<< FAILURE! - in com.example.EliminarPublicacionTest
eliminarPublicacionConPrestamoActivaFalla(com.example.EliminarPublicacionTest)  Time elapsed: 0 s  <<< ERROR!
java.lang.Error: 
Unresolved compilation problem: 
	The constructor Controlador() is undefined

	at com.example.EliminarPublicacionTest.eliminarPublicacionConPrestamoActivaFalla(EliminarPublicacionTest.java:33)

eliminarPublicacionSinPrestamos(com.example.EliminarPublicacionTest)  Time elapsed: 0 s  <<< ERROR!
java.lang.Error: 
Unresolved compilation problem: 
	The constructor Controlador() is undefined

	at com.example.EliminarPublicacionTest.eliminarPublicacionSinPrestamos(EliminarPublicacionTest.java:19)

