-------------------------------------------------------------------------------
Test set: com.example.EditarPublicacionDialogTest
-------------------------------------------------------------------------------
Tests run: 1, Failures: 0, Errors: 1, Skipped: 0, Time elapsed: 0 s <<< FAILURE! - in com.example.EditarPublicacionDialogTest
obtenerDetallesDevuelveAlgo(com.example.EditarPublicacionDialogTest)  Time elapsed: 0 s  <<< ERROR!
java.lang.Error: 
Unresolved compilation problem: 
	The constructor Controlador() is undefined

	at com.example.EditarPublicacionDialogTest.obtenerDetallesDevuelveAlgo(EditarPublicacionDialogTest.java:18)

