-------------------------------------------------------------------------------
Test set: com.example.NuevoEjemplarTest
-------------------------------------------------------------------------------
Tests run: 1, Failures: 0, Errors: 1, Skipped: 0, Time elapsed: 0.071 s <<< FAILURE! - in com.example.NuevoEjemplarTest
crearEjemplarPublicacionSinEjemplares(com.example.NuevoEjemplarTest)  Time elapsed: 0.009 s  <<< ERROR!
java.lang.Error: 
Unresolved compilation problem: 
	The constructor Controlador() is undefined

	at com.example.NuevoEjemplarTest.crearEjemplarPublicacionSinEjemplares(NuevoEjemplarTest.java:18)

