<?xml version="1.0" encoding="UTF-8"?>
<testsuite xmlns:xsi="http://www.w3.org/2001/XMLSchema-instance" xsi:noNamespaceSchemaLocation="https://maven.apache.org/surefire/maven-surefire-plugin/xsd/surefire-test-report.xsd" name="com.example.NuevoEjemplarTest" time="0.071" tests="1" errors="1" skipped="0" failures="0">
  <properties>
[...]
</properties>
  <testcase name="crearEjemplarPublicacionSinEjemplares" classname="com.example.NuevoEjemplarTest" time="0.009">
    <error message="Unresolved compilation problem: &#10;	The constructor Controlador() is undefined&#10;" type="java.lang.Error">java.lang.Error: 
Unresolved compilation problem: 
	The constructor Controlador() is undefined

	at com.example.NuevoEjemplarTest.crearEjemplarPublicacionSinEjemplares(NuevoEjemplarTest.java:18)
</error>
  </testcase>
</testsuite>